# JRE version: Java(TM) SE Runtime Environment (8.0_121-b13) (build 1.8.0_121-b13)
# Java VM: Java HotSpot(TM) 64-Bit Server VM (25.121-b13 mixed mode windows-amd64 compressed oops)
Heap:
 PSYoungGen      total 134656K, used 85347K [0x00000000f5580000, 0x0000000100000000, 0x0000000100000000)
  eden space 109056K, 55% used [0x00000000f5580000,0x00000000f9030bb8,0x00000000fc000000)
  from space 25600K, 98% used [0x00000000fc000000,0x00000000fd8a8190,0x00000000fd900000)
  to   space 35328K, 0% used [0x00000000fdd80000,0x00000000fdd80000,0x0000000100000000)
 ParOldGen       total 108032K, used 42747K [0x00000000e0000000, 0x00000000e6980000, 0x00000000f5580000)
  object space 108032K, 39% used [0x00000000e0000000,0x00000000e29bed98,0x00000000e6980000)
 Metaspace       used 54885K, capacity 56092K, committed 56320K, reserved 1097728K
  class space    used 7279K, capacity 7562K, committed 7680K, reserved 1048576K
GC Heap History (10 events):
Event: 24.723 GC heap before
{Heap before GC invocations=18 (full 2):
 PSYoungGen      total 115712K, used 115708K [0x00000000f5580000, 0x00000000ff880000, 0x0000000100000000)
  eden space 100352K, 100% used [0x00000000f5580000,0x00000000fb780000,0x00000000fb780000)
  from space 15360K, 99% used [0x00000000fb780000,0x00000000fc67f2b8,0x00000000fc680000)
  to   space 18944K, 0% used [0x00000000fe600000,0x00000000fe600000,0x00000000ff880000)
 ParOldGen       total 108032K, used 27724K [0x00000000e0000000, 0x00000000e6980000, 0x00000000f5580000)
  object space 108032K, 25% used [0x00000000e0000000,0x00000000e1b13080,0x00000000e6980000)
 Metaspace       used 49433K, capacity 50466K, committed 50560K, reserved 1093632K
  class space    used 6763K, capacity 7031K, committed 7040K, reserved 1048576K
Event: 24.780 GC heap after
Heap after GC invocations=18 (full 2):
 PSYoungGen      total 136192K, used 18913K [0x00000000f5580000, 0x0000000100000000, 0x0000000100000000)
  eden space 117248K, 0% used [0x00000000f5580000,0x00000000f5580000,0x00000000fc800000)
  from space 18944K, 99% used [0x00000000fe600000,0x00000000ff878490,0x00000000ff880000)
  to   space 28672K, 0% used [0x00000000fc800000,0x00000000fc800000,0x00000000fe400000)
 ParOldGen       total 108032K, used 46154K [0x00000000e0000000, 0x00000000e6980000, 0x00000000f5580000)
  object space 108032K, 42% used [0x00000000e0000000,0x00000000e2d12a18,0x00000000e6980000)
 Metaspace       used 49433K, capacity 50466K, committed 50560K, reserved 1093632K
  class space    used 6763K, capacity 7031K, committed 7040K, reserved 1048576K
}
Event: 36.077 GC heap before
{Heap before GC invocations=19 (full 2):
 PSYoungGen      total 136192K, used 135093K [0x00000000f5580000, 0x0000000100000000, 0x0000000100000000)
  eden space 117248K, 99% used [0x00000000f5580000,0x00000000fc6f5360,0x00000000fc800000)
  from space 18944K, 99% used [0x00000000fe600000,0x00000000ff878490,0x00000000ff880000)
  to   space 28672K, 0% used [0x00000000fc800000,0x00000000fc800000,0x00000000fe400000)
 ParOldGen       total 108032K, used 46154K [0x00000000e0000000, 0x00000000e6980000, 0x00000000f5580000)
  object space 108032K, 42% used [0x00000000e0000000,0x00000000e2d12a18,0x00000000e6980000)
 Metaspace       used 53746K, capacity 54760K, committed 54912K, reserved 1097728K
  class space    used 7254K, capacity 7528K, committed 7552K, reserved 1048576K
Event: 36.111 GC heap after
Heap after GC invocations=19 (full 2):
 PSYoungGen      total 145920K, used 28645K [0x00000000f5580000, 0x0000000100000000, 0x0000000100000000)
  eden space 117248K, 0% used [0x00000000f5580000,0x00000000f5580000,0x00000000fc800000)
  from space 28672K, 99% used [0x00000000fc800000,0x00000000fe3f9478,0x00000000fe400000)
  to   space 28672K, 0% used [0x00000000fe400000,0x00000000fe400000,0x0000000100000000)
 ParOldGen       total 108032K, used 46302K [0x00000000e0000000, 0x00000000e6980000, 0x00000000f5580000)
  object space 108032K, 42% used [0x00000000e0000000,0x00000000e2d37b78,0x00000000e6980000)
 Metaspace       used 53746K, capacity 54760K, committed 54912K, reserved 1097728K
  class space    used 7254K, capacity 7528K, committed 7552K, reserved 1048576K
}
Event: 36.111 GC heap before
{Heap before GC invocations=20 (full 3):
 PSYoungGen      total 145920K, used 28645K [0x00000000f5580000, 0x0000000100000000, 0x0000000100000000)
  eden space 117248K, 0% used [0x00000000f5580000,0x00000000f5580000,0x00000000fc800000)
  from space 28672K, 99% used [0x00000000fc800000,0x00000000fe3f9478,0x00000000fe400000)
  to   space 28672K, 0% used [0x00000000fe400000,0x00000000fe400000,0x0000000100000000)
 ParOldGen       total 108032K, used 46302K [0x00000000e0000000, 0x00000000e6980000, 0x00000000f5580000)
  object space 108032K, 42% used [0x00000000e0000000,0x00000000e2d37b78,0x00000000e6980000)
 Metaspace       used 53746K, capacity 54760K, committed 54912K, reserved 1097728K
  class space    used 7254K, capacity 7528K, committed 7552K, reserved 1048576K
Event: 36.402 GC heap after
Heap after GC invocations=20 (full 3):
 PSYoungGen      total 145920K, used 0K [0x00000000f5580000, 0x0000000100000000, 0x0000000100000000)
  eden space 117248K, 0% used [0x00000000f5580000,0x00000000f5580000,0x00000000fc800000)
  from space 28672K, 0% used [0x00000000fc800000,0x00000000fc800000,0x00000000fe400000)
  to   space 28672K, 0% used [0x00000000fe400000,0x00000000fe400000,0x0000000100000000)
 ParOldGen       total 108032K, used 42731K [0x00000000e0000000, 0x00000000e6980000, 0x00000000f5580000)
  object space 108032K, 39% used [0x00000000e0000000,0x00000000e29bad98,0x00000000e6980000)
 Metaspace       used 53746K, capacity 54760K, committed 54912K, reserved 1097728K
  class space    used 7254K, capacity 7528K, committed 7552K, reserved 1048576K
}
Event: 811.782 GC heap before
{Heap before GC invocations=21 (full 3):
 PSYoungGen      total 145920K, used 117248K [0x00000000f5580000, 0x0000000100000000, 0x0000000100000000)
  eden space 117248K, 100% used [0x00000000f5580000,0x00000000fc800000,0x00000000fc800000)
  from space 28672K, 0% used [0x00000000fc800000,0x00000000fc800000,0x00000000fe400000)
  to   space 28672K, 0% used [0x00000000fe400000,0x00000000fe400000,0x0000000100000000)
 ParOldGen       total 108032K, used 42731K [0x00000000e0000000, 0x00000000e6980000, 0x00000000f5580000)
  object space 108032K, 39% used [0x00000000e0000000,0x00000000e29bad98,0x00000000e6980000)
 Metaspace       used 54198K, capacity 55374K, committed 55424K, reserved 1097728K
  class space    used 7271K, capacity 7549K, committed 7552K, reserved 1048576K
Event: 811.805 GC heap after
Heap after GC invocations=21 (full 3):
 PSYoungGen      total 137728K, used 4192K [0x00000000f5580000, 0x0000000100000000, 0x0000000100000000)
  eden space 109056K, 0% used [0x00000000f5580000,0x00000000f5580000,0x00000000fc000000)
  from space 28672K, 14% used [0x00000000fe400000,0x00000000fe818020,0x0000000100000000)
  to   space 32768K, 0% used [0x00000000fc000000,0x00000000fc000000,0x00000000fe000000)
 ParOldGen       total 108032K, used 42739K [0x00000000e0000000, 0x00000000e6980000, 0x00000000f5580000)
  object space 108032K, 39% used [0x00000000e0000000,0x00000000e29bcd98,0x00000000e6980000)
 Metaspace       used 54198K, capacity 55374K, committed 55424K, reserved 1097728K
  class space    used 7271K, capacity 7549K, committed 7552K, reserved 1048576K
}
Event: 812.954 GC heap before
{Heap before GC invocations=22 (full 3):
 PSYoungGen      total 137728K, used 113248K [0x00000000f5580000, 0x0000000100000000, 0x0000000100000000)
  eden space 109056K, 100% used [0x00000000f5580000,0x00000000fc000000,0x00000000fc000000)
  from space 28672K, 14% used [0x00000000fe400000,0x00000000fe818020,0x0000000100000000)
  to   space 32768K, 0% used [0x00000000fc000000,0x00000000fc000000,0x00000000fe000000)
 ParOldGen       total 108032K, used 42739K [0x00000000e0000000, 0x00000000e6980000, 0x00000000f5580000)
  object space 108032K, 39% used [0x00000000e0000000,0x00000000e29bcd98,0x00000000e6980000)
 Metaspace       used 54490K, capacity 55690K, committed 56064K, reserved 1097728K
  class space    used 7277K, capacity 7559K, committed 7680K, reserved 1048576K
Event: 813.007 GC heap after
Heap after GC invocations=22 (full 3):
 PSYoungGen      total 134656K, used 25248K [0x00000000f5580000, 0x0000000100000000, 0x0000000100000000)
  eden space 109056K, 0% used [0x00000000f5580000,0x00000000f5580000,0x00000000fc000000)
  from space 25600K, 98% used [0x00000000fc000000,0x00000000fd8a8190,0x00000000fd900000)
  to   space 35328K, 0% used [0x00000000fdd80000,0x00000000fdd80000,0x0000000100000000)
 ParOldGen       total 108032K, used 42747K [0x00000000e0000000, 0x00000000e6980000, 0x00000000f5580000)
  object space 108032K, 39% used [0x00000000e0000000,0x00000000e29bed98,0x00000000e6980000)
 Metaspace       used 54490K, capacity 55690K, committed 56064K, reserved 1097728K
  class space    used 7277K, capacity 7559K, committed 7680K, reserved 1048576K
}

